<?xml version="1.0" encoding="UTF-8"?>
<!-- Generated by org.testng.reporters.JUnitReportReporter -->
<testsuite name="testCases.TestCase" tests="1" time="0.016" ignored="0" failures="0" timestamp="12 Aug 2020 07:13:25 GMT" skipped="0" hostname="INWPF28BMDC-AAD" errors="0">
  <testcase name="test" time="0.016" classname="testCases.TestCase"/>
</testsuite> <!-- testCases.TestCase -->
