<?xml version="1.0" encoding="UTF-8"?>
<!-- Generated by org.testng.reporters.JUnitReportReporter -->
<testsuite skipped="0" hostname="INWPF28BMDC-AAD" name="testCases.TestCase" tests="1" failures="0" timestamp="2020-08-13T08:04:41 IST" time="0.014" errors="0">
  <testcase name="test" time="0.014" classname="testCases.TestCase"/>
  <system-out/>
</testsuite> <!-- testCases.TestCase -->
