<?xml version="1.0" encoding="UTF-8"?>
<!-- Generated by org.testng.reporters.JUnitReportReporter -->
<testsuite name="testCases.TestCase" tests="1" time="0.026" ignored="0" failures="0" timestamp="13 Aug 2020 02:44:58 GMT" skipped="0" hostname="INWPF28BMDC-AAD" errors="0">
  <testcase name="test" time="0.026" classname="testCases.TestCase"/>
</testsuite> <!-- testCases.TestCase -->
